d:\survival_game\survival_game\release\vc142.pdb
d:\survival_game\survival_game\release\state.obj
d:\survival_game\survival_game\release\projectile.obj
d:\survival_game\survival_game\release\player.obj
d:\survival_game\survival_game\release\movementcomponent.obj
d:\survival_game\survival_game\release\map.obj
d:\survival_game\survival_game\release\mainmenustate.obj
d:\survival_game\survival_game\release\main.obj
d:\survival_game\survival_game\release\instructionsstate.obj
d:\survival_game\survival_game\release\hitboxcomponent.obj
d:\survival_game\survival_game\release\helperfuncs.obj
d:\survival_game\survival_game\release\gamestate.obj
d:\survival_game\survival_game\release\game.obj
d:\survival_game\survival_game\release\entity.obj
d:\survival_game\survival_game\release\enemy.obj
d:\survival_game\survival_game\release\button.obj
d:\survival_game\survival_game\release\animationcomponent.obj
d:\survival_game\survival_game\release\endgamescreen.obj
d:\survival_game\release\survival_game.exe
d:\survival_game\survival_game\release\survival_game.ipdb
d:\survival_game\survival_game\release\survival_game.iobj
d:\survival_game\release\survival_game.pdb
d:\survival_game\survival_game\release\survival_game.tlog\cl.command.1.tlog
d:\survival_game\survival_game\release\survival_game.tlog\cl.read.1.tlog
d:\survival_game\survival_game\release\survival_game.tlog\cl.write.1.tlog
d:\survival_game\survival_game\release\survival_game.tlog\link.command.1.tlog
d:\survival_game\survival_game\release\survival_game.tlog\link.read.1.tlog
d:\survival_game\survival_game\release\survival_game.tlog\link.write.1.tlog
