  EndGameScreen.cpp
  Enemy.cpp
  Game.cpp
  GameState.cpp
  InstructionsState.cpp
  main.cpp
  MainMenuState.cpp
  Generating Code...
sfml-graphics.lib(BlendMode.cpp.obj) : warning LNK4099: PDB 'sfml-graphics-s-d.pdb' was not found with 'sfml-graphics.lib(BlendMode.cpp.obj)' or at 'D:\Survival_game\Debug\sfml-graphics-s-d.pdb'; linking object as if no debug info
sfml-graphics.lib(Color.cpp.obj) : warning LNK4099: PDB '' was not found with 'sfml-graphics.lib(Color.cpp.obj)' or at ''; linking object as if no debug info
sfml-graphics.lib(Font.cpp.obj) : warning LNK4099: PDB 'sfml-graphics-s-d.pdb' was not found with 'sfml-graphics.lib(Font.cpp.obj)' or at 'D:\Survival_game\Debug\sfml-graphics-s-d.pdb'; linking object as if no debug info
sfml-graphics.lib(Glsl.cpp.obj) : warning LNK4099: PDB 'sfml-graphics-s-d.pdb' was not found with 'sfml-graphics.lib(Glsl.cpp.obj)' or at 'D:\Survival_game\Debug\sfml-graphics-s-d.pdb'; linking object as if no debug info
sfml-graphics.lib(GLCheck.cpp.obj) : warning LNK4099: PDB 'sfml-graphics-s-d.pdb' was not found with 'sfml-graphics.lib(GLCheck.cpp.obj)' or at 'D:\Survival_game\Debug\sfml-graphics-s-d.pdb'; linking object as if no debug info
sfml-graphics.lib(GLExtensions.cpp.obj) : warning LNK4099: PDB 'sfml-graphics-s-d.pdb' was not found with 'sfml-graphics.lib(GLExtensions.cpp.obj)' or at 'D:\Survival_game\Debug\sfml-graphics-s-d.pdb'; linking object as if no debug info
sfml-graphics.lib(Image.cpp.obj) : warning LNK4099: PDB 'sfml-graphics-s-d.pdb' was not found with 'sfml-graphics.lib(Image.cpp.obj)' or at 'D:\Survival_game\Debug\sfml-graphics-s-d.pdb'; linking object as if no debug info
sfml-graphics.lib(ImageLoader.cpp.obj) : warning LNK4099: PDB 'sfml-graphics-s-d.pdb' was not found with 'sfml-graphics.lib(ImageLoader.cpp.obj)' or at 'D:\Survival_game\Debug\sfml-graphics-s-d.pdb'; linking object as if no debug info
sfml-graphics.lib(RenderStates.cpp.obj) : warning LNK4099: PDB 'sfml-graphics-s-d.pdb' was not found with 'sfml-graphics.lib(RenderStates.cpp.obj)' or at 'D:\Survival_game\Debug\sfml-graphics-s-d.pdb'; linking object as if no debug info
sfml-graphics.lib(RenderTarget.cpp.obj) : warning LNK4099: PDB 'sfml-graphics-s-d.pdb' was not found with 'sfml-graphics.lib(RenderTarget.cpp.obj)' or at 'D:\Survival_game\Debug\sfml-graphics-s-d.pdb'; linking object as if no debug info
sfml-graphics.lib(RenderWindow.cpp.obj) : warning LNK4099: PDB '' was not found with 'sfml-graphics.lib(RenderWindow.cpp.obj)' or at ''; linking object as if no debug info
sfml-graphics.lib(Shader.cpp.obj) : warning LNK4099: PDB 'sfml-graphics-s-d.pdb' was not found with 'sfml-graphics.lib(Shader.cpp.obj)' or at 'D:\Survival_game\Debug\sfml-graphics-s-d.pdb'; linking object as if no debug info
sfml-graphics.lib(Texture.cpp.obj) : warning LNK4099: PDB 'sfml-graphics-s-d.pdb' was not found with 'sfml-graphics.lib(Texture.cpp.obj)' or at 'D:\Survival_game\Debug\sfml-graphics-s-d.pdb'; linking object as if no debug info
sfml-graphics.lib(TextureSaver.cpp.obj) : warning LNK4099: PDB 'sfml-graphics-s-d.pdb' was not found with 'sfml-graphics.lib(TextureSaver.cpp.obj)' or at 'D:\Survival_game\Debug\sfml-graphics-s-d.pdb'; linking object as if no debug info
sfml-graphics.lib(Transform.cpp.obj) : warning LNK4099: PDB 'sfml-graphics-s-d.pdb' was not found with 'sfml-graphics.lib(Transform.cpp.obj)' or at 'D:\Survival_game\Debug\sfml-graphics-s-d.pdb'; linking object as if no debug info
sfml-graphics.lib(Transformable.cpp.obj) : warning LNK4099: PDB 'sfml-graphics-s-d.pdb' was not found with 'sfml-graphics.lib(Transformable.cpp.obj)' or at 'D:\Survival_game\Debug\sfml-graphics-s-d.pdb'; linking object as if no debug info
sfml-graphics.lib(View.cpp.obj) : warning LNK4099: PDB 'sfml-graphics-s-d.pdb' was not found with 'sfml-graphics.lib(View.cpp.obj)' or at 'D:\Survival_game\Debug\sfml-graphics-s-d.pdb'; linking object as if no debug info
sfml-graphics.lib(Vertex.cpp.obj) : warning LNK4099: PDB '' was not found with 'sfml-graphics.lib(Vertex.cpp.obj)' or at ''; linking object as if no debug info
sfml-graphics.lib(GLLoader.cpp.obj) : warning LNK4099: PDB 'sfml-graphics-s-d.pdb' was not found with 'sfml-graphics.lib(GLLoader.cpp.obj)' or at 'D:\Survival_game\Debug\sfml-graphics-s-d.pdb'; linking object as if no debug info
sfml-graphics.lib(Shape.cpp.obj) : warning LNK4099: PDB 'sfml-graphics-s-d.pdb' was not found with 'sfml-graphics.lib(Shape.cpp.obj)' or at 'D:\Survival_game\Debug\sfml-graphics-s-d.pdb'; linking object as if no debug info
sfml-graphics.lib(RectangleShape.cpp.obj) : warning LNK4099: PDB 'sfml-graphics-s-d.pdb' was not found with 'sfml-graphics.lib(RectangleShape.cpp.obj)' or at 'D:\Survival_game\Debug\sfml-graphics-s-d.pdb'; linking object as if no debug info
sfml-graphics.lib(Sprite.cpp.obj) : warning LNK4099: PDB 'sfml-graphics-s-d.pdb' was not found with 'sfml-graphics.lib(Sprite.cpp.obj)' or at 'D:\Survival_game\Debug\sfml-graphics-s-d.pdb'; linking object as if no debug info
sfml-graphics.lib(Text.cpp.obj) : warning LNK4099: PDB 'sfml-graphics-s-d.pdb' was not found with 'sfml-graphics.lib(Text.cpp.obj)' or at 'D:\Survival_game\Debug\sfml-graphics-s-d.pdb'; linking object as if no debug info
sfml-graphics.lib(VertexArray.cpp.obj) : warning LNK4099: PDB 'sfml-graphics-s-d.pdb' was not found with 'sfml-graphics.lib(VertexArray.cpp.obj)' or at 'D:\Survival_game\Debug\sfml-graphics-s-d.pdb'; linking object as if no debug info
sfml-graphics.lib(VertexBuffer.cpp.obj) : warning LNK4099: PDB 'sfml-graphics-s-d.pdb' was not found with 'sfml-graphics.lib(VertexBuffer.cpp.obj)' or at 'D:\Survival_game\Debug\sfml-graphics-s-d.pdb'; linking object as if no debug info
sfml-graphics.lib(RenderTextureImpl.cpp.obj) : warning LNK4099: PDB 'sfml-graphics-s-d.pdb' was not found with 'sfml-graphics.lib(RenderTextureImpl.cpp.obj)' or at 'D:\Survival_game\Debug\sfml-graphics-s-d.pdb'; linking object as if no debug info
sfml-graphics.lib(RenderTextureImplFBO.cpp.obj) : warning LNK4099: PDB 'sfml-graphics-s-d.pdb' was not found with 'sfml-graphics.lib(RenderTextureImplFBO.cpp.obj)' or at 'D:\Survival_game\Debug\sfml-graphics-s-d.pdb'; linking object as if no debug info
sfml-system.lib(Clock.cpp.obj) : warning LNK4099: PDB 'sfml-system-s-d.pdb' was not found with 'sfml-system.lib(Clock.cpp.obj)' or at 'D:\Survival_game\Debug\sfml-system-s-d.pdb'; linking object as if no debug info
sfml-system.lib(Err.cpp.obj) : warning LNK4099: PDB 'sfml-system-s-d.pdb' was not found with 'sfml-system.lib(Err.cpp.obj)' or at 'D:\Survival_game\Debug\sfml-system-s-d.pdb'; linking object as if no debug info
sfml-system.lib(Lock.cpp.obj) : warning LNK4099: PDB 'sfml-system-s-d.pdb' was not found with 'sfml-system.lib(Lock.cpp.obj)' or at 'D:\Survival_game\Debug\sfml-system-s-d.pdb'; linking object as if no debug info
sfml-system.lib(Mutex.cpp.obj) : warning LNK4099: PDB 'sfml-system-s-d.pdb' was not found with 'sfml-system.lib(Mutex.cpp.obj)' or at 'D:\Survival_game\Debug\sfml-system-s-d.pdb'; linking object as if no debug info
sfml-system.lib(Sleep.cpp.obj) : warning LNK4099: PDB 'sfml-system-s-d.pdb' was not found with 'sfml-system.lib(Sleep.cpp.obj)' or at 'D:\Survival_game\Debug\sfml-system-s-d.pdb'; linking object as if no debug info
sfml-system.lib(String.cpp.obj) : warning LNK4099: PDB 'sfml-system-s-d.pdb' was not found with 'sfml-system.lib(String.cpp.obj)' or at 'D:\Survival_game\Debug\sfml-system-s-d.pdb'; linking object as if no debug info
sfml-system.lib(ThreadLocal.cpp.obj) : warning LNK4099: PDB 'sfml-system-s-d.pdb' was not found with 'sfml-system.lib(ThreadLocal.cpp.obj)' or at 'D:\Survival_game\Debug\sfml-system-s-d.pdb'; linking object as if no debug info
sfml-system.lib(Time.cpp.obj) : warning LNK4099: PDB 'sfml-system-s-d.pdb' was not found with 'sfml-system.lib(Time.cpp.obj)' or at 'D:\Survival_game\Debug\sfml-system-s-d.pdb'; linking object as if no debug info
sfml-system.lib(ClockImpl.cpp.obj) : warning LNK4099: PDB 'sfml-system-s-d.pdb' was not found with 'sfml-system.lib(ClockImpl.cpp.obj)' or at 'D:\Survival_game\Debug\sfml-system-s-d.pdb'; linking object as if no debug info
sfml-system.lib(MutexImpl.cpp.obj) : warning LNK4099: PDB 'sfml-system-s-d.pdb' was not found with 'sfml-system.lib(MutexImpl.cpp.obj)' or at 'D:\Survival_game\Debug\sfml-system-s-d.pdb'; linking object as if no debug info
sfml-system.lib(SleepImpl.cpp.obj) : warning LNK4099: PDB 'sfml-system-s-d.pdb' was not found with 'sfml-system.lib(SleepImpl.cpp.obj)' or at 'D:\Survival_game\Debug\sfml-system-s-d.pdb'; linking object as if no debug info
sfml-system.lib(ThreadLocalImpl.cpp.obj) : warning LNK4099: PDB 'sfml-system-s-d.pdb' was not found with 'sfml-system.lib(ThreadLocalImpl.cpp.obj)' or at 'D:\Survival_game\Debug\sfml-system-s-d.pdb'; linking object as if no debug info
sfml-window.lib(Context.cpp.obj) : warning LNK4099: PDB 'sfml-window-s-d.pdb' was not found with 'sfml-window.lib(Context.cpp.obj)' or at 'D:\Survival_game\Debug\sfml-window-s-d.pdb'; linking object as if no debug info
sfml-window.lib(Cursor.cpp.obj) : warning LNK4099: PDB 'sfml-window-s-d.pdb' was not found with 'sfml-window.lib(Cursor.cpp.obj)' or at 'D:\Survival_game\Debug\sfml-window-s-d.pdb'; linking object as if no debug info
sfml-window.lib(GlContext.cpp.obj) : warning LNK4099: PDB 'sfml-window-s-d.pdb' was not found with 'sfml-window.lib(GlContext.cpp.obj)' or at 'D:\Survival_game\Debug\sfml-window-s-d.pdb'; linking object as if no debug info
sfml-window.lib(GlResource.cpp.obj) : warning LNK4099: PDB 'sfml-window-s-d.pdb' was not found with 'sfml-window.lib(GlResource.cpp.obj)' or at 'D:\Survival_game\Debug\sfml-window-s-d.pdb'; linking object as if no debug info
sfml-window.lib(Joystick.cpp.obj) : warning LNK4099: PDB '' was not found with 'sfml-window.lib(Joystick.cpp.obj)' or at ''; linking object as if no debug info
sfml-window.lib(JoystickManager.cpp.obj) : warning LNK4099: PDB 'sfml-window-s-d.pdb' was not found with 'sfml-window.lib(JoystickManager.cpp.obj)' or at 'D:\Survival_game\Debug\sfml-window-s-d.pdb'; linking object as if no debug info
sfml-window.lib(Keyboard.cpp.obj) : warning LNK4099: PDB 'sfml-window-s-d.pdb' was not found with 'sfml-window.lib(Keyboard.cpp.obj)' or at 'D:\Survival_game\Debug\sfml-window-s-d.pdb'; linking object as if no debug info
sfml-window.lib(Mouse.cpp.obj) : warning LNK4099: PDB '' was not found with 'sfml-window.lib(Mouse.cpp.obj)' or at ''; linking object as if no debug info
sfml-window.lib(SensorManager.cpp.obj) : warning LNK4099: PDB 'sfml-window-s-d.pdb' was not found with 'sfml-window.lib(SensorManager.cpp.obj)' or at 'D:\Survival_game\Debug\sfml-window-s-d.pdb'; linking object as if no debug info
sfml-window.lib(VideoMode.cpp.obj) : warning LNK4099: PDB 'sfml-window-s-d.pdb' was not found with 'sfml-window.lib(VideoMode.cpp.obj)' or at 'D:\Survival_game\Debug\sfml-window-s-d.pdb'; linking object as if no debug info
sfml-window.lib(Window.cpp.obj) : warning LNK4099: PDB 'sfml-window-s-d.pdb' was not found with 'sfml-window.lib(Window.cpp.obj)' or at 'D:\Survival_game\Debug\sfml-window-s-d.pdb'; linking object as if no debug info
sfml-window.lib(WindowImpl.cpp.obj) : warning LNK4099: PDB 'sfml-window-s-d.pdb' was not found with 'sfml-window.lib(WindowImpl.cpp.obj)' or at 'D:\Survival_game\Debug\sfml-window-s-d.pdb'; linking object as if no debug info
sfml-window.lib(CursorImpl.cpp.obj) : warning LNK4099: PDB 'sfml-window-s-d.pdb' was not found with 'sfml-window.lib(CursorImpl.cpp.obj)' or at 'D:\Survival_game\Debug\sfml-window-s-d.pdb'; linking object as if no debug info
sfml-window.lib(WglContext.cpp.obj) : warning LNK4099: PDB 'sfml-window-s-d.pdb' was not found with 'sfml-window.lib(WglContext.cpp.obj)' or at 'D:\Survival_game\Debug\sfml-window-s-d.pdb'; linking object as if no debug info
sfml-window.lib(WglExtensions.cpp.obj) : warning LNK4099: PDB '' was not found with 'sfml-window.lib(WglExtensions.cpp.obj)' or at ''; linking object as if no debug info
sfml-window.lib(InputImpl.cpp.obj) : warning LNK4099: PDB 'sfml-window-s-d.pdb' was not found with 'sfml-window.lib(InputImpl.cpp.obj)' or at 'D:\Survival_game\Debug\sfml-window-s-d.pdb'; linking object as if no debug info
sfml-window.lib(JoystickImpl.cpp.obj) : warning LNK4099: PDB 'sfml-window-s-d.pdb' was not found with 'sfml-window.lib(JoystickImpl.cpp.obj)' or at 'D:\Survival_game\Debug\sfml-window-s-d.pdb'; linking object as if no debug info
sfml-window.lib(SensorImpl.cpp.obj) : warning LNK4099: PDB 'sfml-window-s-d.pdb' was not found with 'sfml-window.lib(SensorImpl.cpp.obj)' or at 'D:\Survival_game\Debug\sfml-window-s-d.pdb'; linking object as if no debug info
sfml-window.lib(VideoModeImpl.cpp.obj) : warning LNK4099: PDB 'sfml-window-s-d.pdb' was not found with 'sfml-window.lib(VideoModeImpl.cpp.obj)' or at 'D:\Survival_game\Debug\sfml-window-s-d.pdb'; linking object as if no debug info
sfml-window.lib(WindowImplWin32.cpp.obj) : warning LNK4099: PDB 'sfml-window-s-d.pdb' was not found with 'sfml-window.lib(WindowImplWin32.cpp.obj)' or at 'D:\Survival_game\Debug\sfml-window-s-d.pdb'; linking object as if no debug info
  Survival_game.vcxproj -> D:\Survival_game\Debug\Survival_game.exe

Project Performance Summary:
    15286 ms  D:\Survival_game\Survival_game\Survival_game.vcxproj   1 calls
              15286 ms  Build                                      1 calls

Target Performance Summary:
        0 ms  AfterBuildCompileEvent                     1 calls
        0 ms  PrepareResourceNames                       1 calls
        0 ms  CreateCustomManifestResourceNames          1 calls
        0 ms  ComputeLinkInputsFromProject               1 calls
        0 ms  ComputeCLGeneratedLinkInputs               1 calls
        0 ms  ComputeManifestGeneratedLinkerInputs       1 calls
        0 ms  ComputeRCGeneratedLinkInputs               1 calls
        0 ms  ComputeRCOutputs                           1 calls
        0 ms  BeforeLink                                 1 calls
        0 ms  PreLinkEvent                               1 calls
        0 ms  ComputeLegacyManifestEmbedding             1 calls
        0 ms  _BuildCompileAction                        1 calls
        0 ms  _ResourceCompile                           1 calls
        0 ms  AfterResourceCompile                       1 calls
        0 ms  MakeDirsForResourceCompile                 1 calls
        0 ms  BeforeResourceCompile                      1 calls
        0 ms  _ClCompile                                 1 calls
        0 ms  SelectClCompile                            1 calls
        0 ms  MakeDirsForCl                              1 calls
        0 ms  BuildCompile                               1 calls
        0 ms  AfterLink                                  1 calls
        0 ms  _Link                                      1 calls
        0 ms  _ALink                                     1 calls
        0 ms  AfterBuild                                 1 calls
        0 ms  BuildLink                                  1 calls
        0 ms  _BuildLinkAction                           1 calls
        0 ms  PostBuildEvent                             1 calls
        0 ms  PrepareForRun                              1 calls
        0 ms  CopyFilesToOutputDirectory                 1 calls
        0 ms  _CopySourceItemsToOutputDirectory          1 calls
        0 ms  _GetCopyToOutputDirectoryItemsFromTransitiveProjectReferences   1 calls
        0 ms  GetCopyToOutputDirectoryXamlAppDefs        1 calls
        0 ms  _PopulateCommonStateForGetCopyToOutputDirectoryItems   1 calls
        0 ms  _Deploy                                    1 calls
        0 ms  _Appverifier                               1 calls
        0 ms  CreateSatelliteAssemblies                  1 calls
        0 ms  _GenerateSatelliteAssemblyInputs           1 calls
        0 ms  MakeDirsForFxc                             1 calls
        0 ms  _BscMake                                   1 calls
        0 ms  MakeDirsForBscMake                         1 calls
        0 ms  ComputeCLCompileGeneratedSbrFiles          1 calls
        0 ms  _XdcMake                                   1 calls
        0 ms  GetReferencedVCProjectsInfo                1 calls
        0 ms  FindReferenceAssembliesForReferences       1 calls
        0 ms  Build                                      1 calls
        0 ms  BeforeClCompile                            1 calls
        0 ms  PreBuildEvent                              1 calls
        0 ms  BeforeBuildGenerateSources                 1 calls
        0 ms  ResolveReferences                          1 calls
        0 ms  ComputeCLInputPDBName                      1 calls
        0 ms  ResolveAssemblyReferences                  1 calls
        0 ms  ExpandSDKReferences                        1 calls
        0 ms  ResolveSDKReferences                       1 calls
        0 ms  GetResolvedWinMD                           1 calls
        0 ms  AddExternalIncludDirectoriesToPaths        1 calls
        0 ms  GetReferenceAssemblyPaths                  1 calls
        0 ms  GetFrameworkPaths                          1 calls
        0 ms  PrepareProjectReferences                   1 calls
        0 ms  _AddOutputPathToGlobalPropertiesToRemove   1 calls
        0 ms  _SplitProjectReferencesByFileExistence     1 calls
        0 ms  BeforeResolveReferences                    1 calls
        0 ms  _PrepareForReferenceResolution             1 calls
        0 ms  SetTelemetryEnvironmentVariables           1 calls
        0 ms  _SelectedFiles                             1 calls
        0 ms  SelectCustomBuild                          1 calls
        0 ms  AfterResolveReferences                     1 calls
        0 ms  ComputeMIDLGeneratedCompileInputs          1 calls
        0 ms  AfterBuildGenerateSources                  1 calls
        0 ms  _BuildGenerateSourcesAction                1 calls
        0 ms  ComputeCustomBuildOutput                   1 calls
        0 ms  _Midl                                      1 calls
        0 ms  BuildGenerateSources                       1 calls
        0 ms  AfterMidl                                  1 calls
        0 ms  MakeDirsForMidl                            1 calls
        0 ms  AfterBuildGenerateSourcesEvent             1 calls
        0 ms  CopyFileToFolders                          1 calls
        0 ms  _Xsd                                       1 calls
        0 ms  AfterClCompile                             1 calls
        1 ms  BuildLinkTraverse                          1 calls
        1 ms  MakeDirsForXdcMake                         1 calls
        1 ms  ResolvedXDCMake                            1 calls
        1 ms  DoLinkOutputFilesMatch                     1 calls
        1 ms  SetBuildDefaultEnvironmentVariables        1 calls
        1 ms  _PrepareForBuild                           1 calls
        1 ms  CustomBuild                                1 calls
        1 ms  _CheckForCompileOutputs                    1 calls
        1 ms  AssignTargetPaths                          1 calls
        1 ms  BuildCompileTraverse                       1 calls
        1 ms  AssignProjectConfiguration                 1 calls
        1 ms  FinalizeBuildStatus                        1 calls
        1 ms  _GetProjectReferenceTargetFrameworkProperties   1 calls
        1 ms  IncrementalClean                           1 calls
        1 ms  ResolveProjectReferences                   1 calls
        1 ms  ComputeManifestInputsTargets               1 calls
        1 ms  ComputeReferenceCLInput                    1 calls
        1 ms  BuildGenerateSourcesTraverse               1 calls
        1 ms  ComputeLinkSwitches                        1 calls
        1 ms  SplitResourcesByCulture                    1 calls
        1 ms  _GetCopyToOutputDirectoryItemsFromThisProject   1 calls
        1 ms  MakeDirsForLink                            1 calls
        1 ms  _CheckWindowsSDKInstalled                  1 calls
        1 ms  SetCABuildNativeEnvironmentVariables       1 calls
        1 ms  _Manifest                                  1 calls
        2 ms  _CleanGetCurrentAndPriorFileWrites         1 calls
        2 ms  GetCopyToOutputDirectoryItems              1 calls
        2 ms  BuiltProjectOutputGroup                    1 calls
        2 ms  CreateRecipeFile                           1 calls
        2 ms  ComputeCLOutputs                           1 calls
        2 ms  ContentFilesProjectOutputGroup             1 calls
        2 ms  ComputeCLCompileGeneratedXDCFiles          1 calls
        3 ms  RegisterOutput                             1 calls
        3 ms  ComputeLinkImportLibraryOutputsForClean    1 calls
        3 ms  InitializeBuildStatus                      1 calls
        3 ms  _CheckForInvalidConfigurationAndPlatform   1 calls
        5 ms  PrepareForBuild                            1 calls
        7 ms  WarnCompileDuplicatedFilename              1 calls
        8 ms  FixupCLCompileOptions                      1 calls
       15 ms  SatelliteDllsProjectOutputGroup            1 calls
     2982 ms  Link                                       1 calls
    12213 ms  ClCompile                                  1 calls

Task Performance Summary:
        0 ms  FindUnderPath                              5 calls
        0 ms  ConvertToAbsolutePath                      1 calls
        0 ms  CheckVCToolsetVersion                      1 calls
        0 ms  WriteLinesToFile                           1 calls
        0 ms  CreateItem                                 2 calls
        0 ms  RemoveDuplicates                           2 calls
        0 ms  AssignCulture                              1 calls
        1 ms  ReadLinesFromFile                          2 calls
        1 ms  MakeDir                                   10 calls
        1 ms  SetEnv                                     9 calls
        1 ms  GetOutOfDateItems                          3 calls
        1 ms  AssignTargetPath                           7 calls
        1 ms  Message                                    3 calls
        1 ms  Delete                                     2 calls
        1 ms  MSBuild                                    1 calls
        1 ms  AssignProjectConfiguration                 1 calls
        2 ms  Touch                                      2 calls
        2 ms  CallTarget                                 2 calls
        2 ms  GenerateDesktopDeployRecipe                1 calls
     2964 ms  Link                                       1 calls
    12204 ms  CL                                         1 calls
